103.09.19 10:55 B c:\Documents and Settings\Jeff H\My Documents\My Webs\Home\images\bluecounter.gif --> users.tpg.com.au /images bluecounter.gif
103.09.19 10:55 B c:\Documents and Settings\Jeff H\My Documents\My Webs\Home\images\counter.GIF --> users.tpg.com.au /images counter.GIF
103.09.19 10:55 B c:\Documents and Settings\Jeff H\My Documents\My Webs\Home\images\cup_5.gif --> users.tpg.com.au /images cup_5.gif
103.09.19 10:55 B c:\Documents and Settings\Jeff H\My Documents\My Webs\Home\images\default_globe.gif --> users.tpg.com.au /images default_globe.gif
103.09.19 10:55 B c:\Documents and Settings\Jeff H\My Documents\My Webs\Home\images\dolphin.gif --> users.tpg.com.au /images dolphin.gif
103.09.19 10:55 B c:\Documents and Settings\Jeff H\My Documents\My Webs\Home\images\eq ss.jpg --> users.tpg.com.au /images eq ss.jpg
103.09.19 10:55 B c:\Documents and Settings\Jeff H\My Documents\My Webs\Home\images\flag.gif --> users.tpg.com.au /images flag.gif
103.09.19 10:55 B c:\Documents and Settings\Jeff H\My Documents\My Webs\Home\images\Hhovlinkbar_background.gif --> users.tpg.com.au /images Hhovlinkbar_background.gif
103.09.19 10:55 B c:\Documents and Settings\Jeff H\My Documents\My Webs\Home\images\Hlinkbar_background.gif --> users.tpg.com.au /images Hlinkbar_background.gif
103.09.19 10:55 B c:\Documents and Settings\Jeff H\My Documents\My Webs\Home\images\logo.gif --> users.tpg.com.au /images logo.gif
103.09.19 10:55 B c:\Documents and Settings\Jeff H\My Documents\My Webs\Home\images\logo2.gif --> users.tpg.com.au /images logo2.gif
103.09.19 10:55 B c:\Documents and Settings\Jeff H\My Documents\My Webs\Home\images\logo3.jpg --> users.tpg.com.au /images logo3.jpg
103.09.19 10:55 B c:\Documents and Settings\Jeff H\My Documents\My Webs\Home\images\logo4.gif --> users.tpg.com.au /images logo4.gif
103.09.19 10:55 B c:\Documents and Settings\Jeff H\My Documents\My Webs\Home\images\logo5.gif --> users.tpg.com.au /images logo5.gif
103.09.19 10:55 B c:\Documents and Settings\Jeff H\My Documents\My Webs\Home\images\logobg.gif --> users.tpg.com.au /images logobg.gif
103.09.19 10:55 B c:\Documents and Settings\Jeff H\My Documents\My Webs\Home\images\logobg2.gif --> users.tpg.com.au /images logobg2.gif
103.09.19 10:55 B c:\Documents and Settings\Jeff H\My Documents\My Webs\Home\images\logobg3.GIF --> users.tpg.com.au /images logobg3.GIF
103.09.19 10:55 B c:\Documents and Settings\Jeff H\My Documents\My Webs\Home\images\p_eq ss.jpg --> users.tpg.com.au /images p_eq ss.jpg
103.09.19 10:55 B c:\Documents and Settings\Jeff H\My Documents\My Webs\Home\images\p_sample3.gif --> users.tpg.com.au /images p_sample3.gif
103.09.19 10:55 B c:\Documents and Settings\Jeff H\My Documents\My Webs\Home\images\p_ss1.jpg --> users.tpg.com.au /images p_ss1.jpg
103.09.19 10:55 B c:\Documents and Settings\Jeff H\My Documents\My Webs\Home\images\p_ss2.jpg --> users.tpg.com.au /images p_ss2.jpg
103.09.19 10:55 B c:\Documents and Settings\Jeff H\My Documents\My Webs\Home\images\p_ss3.jpg --> users.tpg.com.au /images p_ss3.jpg
103.09.19 10:55 B c:\Documents and Settings\Jeff H\My Documents\My Webs\Home\images\p_ss4.jpg --> users.tpg.com.au /images p_ss4.jpg
103.09.19 10:55 B c:\Documents and Settings\Jeff H\My Documents\My Webs\Home\images\p_ss5.jpg --> users.tpg.com.au /images p_ss5.jpg
103.09.19 10:55 B c:\Documents and Settings\Jeff H\My Documents\My Webs\Home\images\p_titlebar.jpg --> users.tpg.com.au /images p_titlebar.jpg
103.09.19 10:56 B c:\Documents and Settings\Jeff H\My Documents\My Webs\Home\images\p_WOE_ss1.gif --> users.tpg.com.au /images p_WOE_ss1.gif
103.09.19 10:56 B c:\Documents and Settings\Jeff H\My Documents\My Webs\Home\images\red81.gif --> users.tpg.com.au /images red81.gif
103.09.19 10:56 B c:\Documents and Settings\Jeff H\My Documents\My Webs\Home\images\sample1.gif --> users.tpg.com.au /images sample1.gif
103.09.19 10:56 B c:\Documents and Settings\Jeff H\My Documents\My Webs\Home\images\sample1_small.gif --> users.tpg.com.au /images sample1_small.gif
103.09.19 10:56 B c:\Documents and Settings\Jeff H\My Documents\My Webs\Home\images\sample2.gif --> users.tpg.com.au /images sample2.gif
103.09.19 10:56 B c:\Documents and Settings\Jeff H\My Documents\My Webs\Home\images\sample2_small.gif --> users.tpg.com.au /images sample2_small.gif
103.09.19 10:56 B c:\Documents and Settings\Jeff H\My Documents\My Webs\Home\images\sample3.gif --> users.tpg.com.au /images sample3.gif
103.09.19 10:56 B c:\Documents and Settings\Jeff H\My Documents\My Webs\Home\images\sample3_small.gif --> users.tpg.com.au /images sample3_small.gif
103.09.19 10:56 B c:\Documents and Settings\Jeff H\My Documents\My Webs\Home\images\small_globe.gif --> users.tpg.com.au /images small_globe.gif
103.09.19 10:56 B c:\Documents and Settings\Jeff H\My Documents\My Webs\Home\images\softshape.jpg --> users.tpg.com.au /images softshape.jpg
103.09.19 10:56 B c:\Documents and Settings\Jeff H\My Documents\My Webs\Home\images\spacer.gif --> users.tpg.com.au /images spacer.gif
103.09.19 10:56 B c:\Documents and Settings\Jeff H\My Documents\My Webs\Home\images\ss.gif --> users.tpg.com.au /images ss.gif
103.09.19 10:56 B c:\Documents and Settings\Jeff H\My Documents\My Webs\Home\images\ss1.jpg --> users.tpg.com.au /images ss1.jpg
103.09.19 10:56 B c:\Documents and Settings\Jeff H\My Documents\My Webs\Home\images\ss2.jpg --> users.tpg.com.au /images ss2.jpg
103.09.19 10:57 B c:\Documents and Settings\Jeff H\My Documents\My Webs\Home\images\ss3.jpg --> users.tpg.com.au /images ss3.jpg
103.09.19 10:57 B c:\Documents and Settings\Jeff H\My Documents\My Webs\Home\images\ss4.jpg --> users.tpg.com.au /images ss4.jpg
103.09.19 10:57 B c:\Documents and Settings\Jeff H\My Documents\My Webs\Home\images\ss5.jpg --> users.tpg.com.au /images ss5.jpg
103.09.19 10:57 B c:\Documents and Settings\Jeff H\My Documents\My Webs\Home\images\tbl_content_bl.gif --> users.tpg.com.au /images tbl_content_bl.gif
103.09.19 10:57 B c:\Documents and Settings\Jeff H\My Documents\My Webs\Home\images\tbl_content_br.gif --> users.tpg.com.au /images tbl_content_br.gif
103.09.19 10:57 B c:\Documents and Settings\Jeff H\My Documents\My Webs\Home\images\tbl_content_bs.gif --> users.tpg.com.au /images tbl_content_bs.gif
103.09.19 10:57 B c:\Documents and Settings\Jeff H\My Documents\My Webs\Home\images\tbl_content_l.gif --> users.tpg.com.au /images tbl_content_l.gif
103.09.19 10:57 B c:\Documents and Settings\Jeff H\My Documents\My Webs\Home\images\tbl_content_r.gif --> users.tpg.com.au /images tbl_content_r.gif
103.09.19 10:57 B c:\Documents and Settings\Jeff H\My Documents\My Webs\Home\images\tbl_content_tl.gif --> users.tpg.com.au /images tbl_content_tl.gif
103.09.19 10:57 B c:\Documents and Settings\Jeff H\My Documents\My Webs\Home\images\tbl_content_tr.gif --> users.tpg.com.au /images tbl_content_tr.gif
103.09.19 10:57 B c:\Documents and Settings\Jeff H\My Documents\My Webs\Home\images\tbl_content_ts.gif --> users.tpg.com.au /images tbl_content_ts.gif
103.09.19 10:57 B c:\Documents and Settings\Jeff H\My Documents\My Webs\Home\images\titlebar.jpg --> users.tpg.com.au /images titlebar.jpg
103.09.19 10:57 B c:\Documents and Settings\Jeff H\My Documents\My Webs\Home\images\tray.gif --> users.tpg.com.au /images tray.gif
103.09.19 10:57 B c:\Documents and Settings\Jeff H\My Documents\My Webs\Home\images\tray_small.gif --> users.tpg.com.au /images tray_small.gif
103.09.19 10:57 B c:\Documents and Settings\Jeff H\My Documents\My Webs\Home\images\WoE_Banner.gif --> users.tpg.com.au /images WoE_Banner.gif
103.09.19 10:57 B c:\Documents and Settings\Jeff H\My Documents\My Webs\Home\images\WOE_ss1.gif --> users.tpg.com.au /images WOE_ss1.gif
103.09.19 10:57 B c:\Documents and Settings\Jeff H\My Documents\My Webs\Home\images\WOE_ss2.gif --> users.tpg.com.au /images WOE_ss2.gif
103.09.19 10:57 B c:\Documents and Settings\Jeff H\My Documents\My Webs\Home\images\WOE_ss3.gif --> users.tpg.com.au /images WOE_ss3.gif
103.09.19 10:57 B c:\Documents and Settings\Jeff H\My Documents\My Webs\Home\images\WOE_window.gif --> users.tpg.com.au /images WOE_window.gif
103.09.19 10:57 B c:\Documents and Settings\Jeff H\My Documents\My Webs\Home\images\wt2k_banner.gif --> users.tpg.com.au /images wt2k_banner.gif
103.09.19 11:29 B c:\Documents and Settings\Jeff H\My Documents\My Webs\Home\images\5GoldDisk-Award-small.gif --> users.tpg.com.au /images 5GoldDisk-Award-small.gif
103.10.03 05:47 B c:\Documents and Settings\Jeff H\My Documents\My Webs\Home\images\Skinned_wt2k.jpg --> users.tpg.com.au /images Skinned_wt2k.jpg
103.10.03 05:48 B c:\Documents and Settings\Jeff H\My Documents\My Webs\Home\images\cup_5.gif --> users.tpg.com.au /images cup_5.gif
103.10.03 05:48 B c:\Documents and Settings\Jeff H\My Documents\My Webs\Home\images\downloadrate5.gif --> users.tpg.com.au /images downloadrate5.gif
103.10.03 05:57 B c:\Documents and Settings\Jeff H\My Documents\My Webs\Home\images\cup_5.gif --> users.tpg.com.au /images cup_5.gif
103.10.03 06:06 B c:\Documents and Settings\Jeff H\My Documents\My Webs\Home\images\cup_5_2.gif --> users.tpg.com.au /images cup_5_2.gif
